2026-02-03 18:52:52,249	INFO	module:_logger
This is BioCypher v0.12.5.
2026-02-03 18:52:52,249	INFO	module:_logger
Logging into `biocypher-log/biocypher-20260203-185252.log`.
2026-02-03 18:52:52,249	DEBUG	module:_create
Loading module biocypher._create.
2026-02-03 18:52:52,250	DEBUG	module:_deduplicate
Loading module biocypher._deduplicate.
2026-02-03 18:52:52,305	DEBUG	module:_misc
Loading module biocypher._misc.
2026-02-03 18:52:52,305	DEBUG	module:_get
Loading module biocypher._get.
2026-02-03 18:52:52,305	DEBUG	module:_mapping
Loading module biocypher._mapping.
2026-02-03 18:52:52,326	DEBUG	module:_ontology
Loading module biocypher._ontology.
2026-02-03 18:52:52,327	DEBUG	module:_translate
Loading module biocypher._translate.
2026-02-03 18:52:52,328	DEBUG	module:_get_connector
Loading module biocypher.output.connect._get_connector.
2026-02-03 18:52:52,510	DEBUG	module:_get_in_memory_kg
Loading module biocypher.output.in_memory._get_in_memory_kg.
2026-02-03 18:52:52,515	DEBUG	module:_get_writer
Loading module biocypher.output.write._get_writer.
2026-02-03 18:52:52,515	DEBUG	module:_core
Loading module biocypher._core.
2026-02-03 18:52:52,518	INFO	module:_core
Running BioCypher with schema configuration from /Users/xianull/Documents/Project/SIGR/kg_builder/config/schema_config.yaml.
2026-02-03 18:52:53,491	INFO	module:_ontology
Loading ontologies...
2026-02-03 18:52:53,492	INFO	module:_ontology
Instantiating OntologyAdapter class for https://github.com/biolink/biolink-model/raw/v3.2.1/biolink-model.owl.ttl.
2026-02-03 18:52:57,534	DEBUG	module:_translate
Translating nodes to BioCypher
2026-02-03 18:52:57,662	DEBUG	module:_translate
Finished translating nodes to BioCypher.
2026-02-03 18:53:06,777	DEBUG	module:_translate
Translating edges to BioCypher
2026-02-03 18:53:07,390	DEBUG	module:_translate
Finished translating edges to BioCypher.
2026-02-03 18:53:08,078	DEBUG	module:_translate
Translating edges to BioCypher
2026-02-03 18:53:08,081	WARNING	module:_deduplicate
Duplicate edge type regulates found. 
2026-02-03 18:53:08,095	DEBUG	module:_translate
Finished translating edges to BioCypher.
2026-02-03 18:53:08,752	DEBUG	module:_translate
Translating nodes to BioCypher
2026-02-03 18:53:08,772	DEBUG	module:_translate
Finished translating nodes to BioCypher.
2026-02-03 18:53:08,914	DEBUG	module:_translate
Translating edges to BioCypher
2026-02-03 18:53:09,311	DEBUG	module:_translate
Finished translating edges to BioCypher.
2026-02-03 18:53:12,826	DEBUG	module:_translate
Translating nodes to BioCypher
2026-02-03 18:53:12,843	DEBUG	module:_translate
Finished translating nodes to BioCypher.
2026-02-03 18:53:13,039	DEBUG	module:_translate
Translating edges to BioCypher
2026-02-03 18:53:13,684	DEBUG	module:_translate
Finished translating edges to BioCypher.
2026-02-03 18:53:19,299	DEBUG	module:_translate
Translating nodes to BioCypher
2026-02-03 18:53:19,303	DEBUG	module:_translate
Finished translating nodes to BioCypher.
2026-02-03 18:53:19,326	DEBUG	module:_translate
Translating edges to BioCypher
2026-02-03 18:53:19,427	DEBUG	module:_translate
Finished translating edges to BioCypher.
