2026-02-03 23:14:51,883	INFO	module:_logger
This is BioCypher v0.12.5.
2026-02-03 23:14:51,883	INFO	module:_logger
Logging into `biocypher-log/biocypher-20260203-231451.log`.
2026-02-03 23:14:51,883	DEBUG	module:_create
Loading module biocypher._create.
2026-02-03 23:14:51,884	DEBUG	module:_deduplicate
Loading module biocypher._deduplicate.
2026-02-03 23:14:51,953	DEBUG	module:_misc
Loading module biocypher._misc.
2026-02-03 23:14:51,954	DEBUG	module:_get
Loading module biocypher._get.
2026-02-03 23:14:51,954	DEBUG	module:_mapping
Loading module biocypher._mapping.
2026-02-03 23:14:51,978	DEBUG	module:_ontology
Loading module biocypher._ontology.
2026-02-03 23:14:51,980	DEBUG	module:_translate
Loading module biocypher._translate.
2026-02-03 23:14:51,981	DEBUG	module:_get_connector
Loading module biocypher.output.connect._get_connector.
2026-02-03 23:14:52,193	DEBUG	module:_get_in_memory_kg
Loading module biocypher.output.in_memory._get_in_memory_kg.
2026-02-03 23:14:52,196	DEBUG	module:_get_writer
Loading module biocypher.output.write._get_writer.
2026-02-03 23:14:52,196	DEBUG	module:_core
Loading module biocypher._core.
2026-02-03 23:14:52,202	INFO	module:_core
Running BioCypher with schema configuration from /Users/xianull/Documents/Project/SIGR/kg_builder/config/schema_config.yaml.
2026-02-03 23:14:53,301	INFO	module:_ontology
Loading ontologies...
2026-02-03 23:14:53,301	INFO	module:_ontology
Instantiating OntologyAdapter class for https://github.com/biolink/biolink-model/raw/v3.2.1/biolink-model.owl.ttl.
2026-02-03 23:14:57,562	DEBUG	module:_translate
Translating nodes to BioCypher
2026-02-03 23:14:57,700	DEBUG	module:_translate
Finished translating nodes to BioCypher.
2026-02-03 23:15:07,170	DEBUG	module:_translate
Translating edges to BioCypher
2026-02-03 23:15:07,863	DEBUG	module:_translate
Finished translating edges to BioCypher.
2026-02-03 23:15:08,584	DEBUG	module:_translate
Translating edges to BioCypher
2026-02-03 23:15:08,586	WARNING	module:_deduplicate
Duplicate edge type regulates found. 
2026-02-03 23:15:08,600	DEBUG	module:_translate
Finished translating edges to BioCypher.
2026-02-03 23:15:09,275	DEBUG	module:_translate
Translating nodes to BioCypher
2026-02-03 23:15:09,298	DEBUG	module:_translate
Finished translating nodes to BioCypher.
2026-02-03 23:15:09,461	DEBUG	module:_translate
Translating edges to BioCypher
2026-02-03 23:15:09,911	DEBUG	module:_translate
Finished translating edges to BioCypher.
2026-02-03 23:15:13,645	DEBUG	module:_translate
Translating nodes to BioCypher
2026-02-03 23:15:13,662	DEBUG	module:_translate
Finished translating nodes to BioCypher.
2026-02-03 23:15:13,892	DEBUG	module:_translate
Translating edges to BioCypher
2026-02-03 23:15:14,616	DEBUG	module:_translate
Finished translating edges to BioCypher.
2026-02-03 23:15:20,658	DEBUG	module:_translate
Translating nodes to BioCypher
2026-02-03 23:15:20,661	DEBUG	module:_translate
Finished translating nodes to BioCypher.
2026-02-03 23:15:20,687	DEBUG	module:_translate
Translating edges to BioCypher
2026-02-03 23:15:20,800	DEBUG	module:_translate
Finished translating edges to BioCypher.
2026-02-03 23:15:21,810	DEBUG	module:_translate
Translating nodes to BioCypher
2026-02-03 23:15:21,815	DEBUG	module:_translate
Finished translating nodes to BioCypher.
2026-02-03 23:15:21,877	DEBUG	module:_translate
Translating edges to BioCypher
2026-02-03 23:15:22,014	DEBUG	module:_translate
Finished translating edges to BioCypher.
