2026-02-03 18:50:49,498	INFO	module:_logger
This is BioCypher v0.12.5.
2026-02-03 18:50:49,498	INFO	module:_logger
Logging into `biocypher-log/biocypher-20260203-185049.log`.
2026-02-03 18:50:49,498	DEBUG	module:_create
Loading module biocypher._create.
2026-02-03 18:50:49,499	DEBUG	module:_deduplicate
Loading module biocypher._deduplicate.
2026-02-03 18:50:49,571	DEBUG	module:_misc
Loading module biocypher._misc.
2026-02-03 18:50:49,571	DEBUG	module:_get
Loading module biocypher._get.
2026-02-03 18:50:49,572	DEBUG	module:_mapping
Loading module biocypher._mapping.
2026-02-03 18:50:49,593	DEBUG	module:_ontology
Loading module biocypher._ontology.
2026-02-03 18:50:49,595	DEBUG	module:_translate
Loading module biocypher._translate.
2026-02-03 18:50:49,596	DEBUG	module:_get_connector
Loading module biocypher.output.connect._get_connector.
2026-02-03 18:50:49,794	DEBUG	module:_get_in_memory_kg
Loading module biocypher.output.in_memory._get_in_memory_kg.
2026-02-03 18:50:49,796	DEBUG	module:_get_writer
Loading module biocypher.output.write._get_writer.
2026-02-03 18:50:49,796	DEBUG	module:_core
Loading module biocypher._core.
2026-02-03 18:50:49,800	INFO	module:_core
Running BioCypher with schema configuration from /Users/xianull/Documents/Project/SIGR/kg_builder/config/schema_config.yaml.
2026-02-03 18:50:50,798	INFO	module:_ontology
Loading ontologies...
2026-02-03 18:50:50,798	INFO	module:_ontology
Instantiating OntologyAdapter class for https://github.com/biolink/biolink-model/raw/v3.2.1/biolink-model.owl.ttl.
2026-02-03 18:50:53,293	INFO	module:_writer
Creating output directory `/Users/xianull/Documents/Project/SIGR/data/kg/biocypher_output`.
2026-02-03 18:50:53,293	DEBUG	module:_translate
Translating nodes to BioCypher
2026-02-03 18:50:53,429	DEBUG	module:_translate
Finished translating nodes to BioCypher.
2026-02-03 18:51:02,616	DEBUG	module:_translate
Translating edges to BioCypher
2026-02-03 18:51:03,222	DEBUG	module:_translate
Finished translating edges to BioCypher.
2026-02-03 18:51:03,894	DEBUG	module:_translate
Translating edges to BioCypher
2026-02-03 18:51:03,895	WARNING	module:_deduplicate
Duplicate edge type regulates found. 
2026-02-03 18:51:03,909	DEBUG	module:_translate
Finished translating edges to BioCypher.
2026-02-03 18:51:04,617	DEBUG	module:_translate
Translating nodes to BioCypher
2026-02-03 18:51:04,636	DEBUG	module:_translate
Finished translating nodes to BioCypher.
2026-02-03 18:51:04,811	DEBUG	module:_translate
Translating edges to BioCypher
2026-02-03 18:51:05,216	DEBUG	module:_translate
Finished translating edges to BioCypher.
2026-02-03 18:51:08,687	DEBUG	module:_translate
Translating nodes to BioCypher
2026-02-03 18:51:08,703	DEBUG	module:_translate
Finished translating nodes to BioCypher.
2026-02-03 18:51:08,932	DEBUG	module:_translate
Translating edges to BioCypher
2026-02-03 18:51:09,583	DEBUG	module:_translate
Finished translating edges to BioCypher.
2026-02-03 18:51:15,228	DEBUG	module:_translate
Translating nodes to BioCypher
2026-02-03 18:51:15,231	DEBUG	module:_translate
Finished translating nodes to BioCypher.
2026-02-03 18:51:15,254	DEBUG	module:_translate
Translating edges to BioCypher
2026-02-03 18:51:15,316	DEBUG	module:_translate
Finished translating edges to BioCypher.
